<?xml version="1.0" encoding="UTF-8"?>
<!-- Generated by org.testng.reporters.JUnitReportReporter -->
<testsuite hostname="DESKTOP-TNBTOCU" failures="0" tests="1" name="vk.VkLogin" time="9.551" errors="0" timestamp="2020-06-05T18:32:50 MSK" skipped="0">
  <testcase classname="vk.VkLogin" name="loginVkTest" time="9.551"/>
  <system-out/>
</testsuite> <!-- vk.VkLogin -->
